{"/home/luisa/Documentos/projetos-pessoais/revisão-backend/quarta-review/src/controller/CustomerController.ts": {"path":"/home/luisa/Documentos/projetos-pessoais/revisão-backend/quarta-review/src/controller/CustomerController.ts","all":false,"statementMap":{"0":{"start":{"line":1,"column":0},"end":{"line":1,"column":44}},"1":{"start":{"line":2,"column":0},"end":{"line":2,"column":57}},"2":{"start":{"line":3,"column":0},"end":{"line":3,"column":45}},"3":{"start":{"line":4,"column":0},"end":{"line":4,"column":0}},"4":{"start":{"line":5,"column":0},"end":{"line":5,"column":0}},"5":{"start":{"line":6,"column":0},"end":{"line":6,"column":46}},"6":{"start":{"line":7,"column":0},"end":{"line":7,"column":0}},"7":{"start":{"line":8,"column":0},"end":{"line":8,"column":26}},"8":{"start":{"line":9,"column":0},"end":{"line":9,"column":72}},"9":{"start":{"line":10,"column":0},"end":{"line":10,"column":57}},"10":{"start":{"line":11,"column":0},"end":{"line":11,"column":9}},"11":{"start":{"line":12,"column":0},"end":{"line":12,"column":57}},"12":{"start":{"line":13,"column":0},"end":{"line":13,"column":83}},"13":{"start":{"line":14,"column":0},"end":{"line":14,"column":7}},"14":{"start":{"line":15,"column":0},"end":{"line":15,"column":77}},"15":{"start":{"line":16,"column":0},"end":{"line":16,"column":26}},"16":{"start":{"line":17,"column":0},"end":{"line":17,"column":77}},"17":{"start":{"line":18,"column":0},"end":{"line":18,"column":8}},"18":{"start":{"line":19,"column":0},"end":{"line":19,"column":71}},"19":{"start":{"line":20,"column":0},"end":{"line":20,"column":24}},"20":{"start":{"line":21,"column":0},"end":{"line":21,"column":75}},"21":{"start":{"line":22,"column":0},"end":{"line":22,"column":7}},"22":{"start":{"line":23,"column":0},"end":{"line":23,"column":84}},"23":{"start":{"line":24,"column":0},"end":{"line":24,"column":6}},"24":{"start":{"line":25,"column":0},"end":{"line":25,"column":57}},"25":{"start":{"line":26,"column":0},"end":{"line":26,"column":4}},"26":{"start":{"line":27,"column":0},"end":{"line":27,"column":78}},"27":{"start":{"line":28,"column":0},"end":{"line":28,"column":0}},"28":{"start":{"line":29,"column":0},"end":{"line":29,"column":21}},"29":{"start":{"line":30,"column":0},"end":{"line":30,"column":75}},"30":{"start":{"line":31,"column":0},"end":{"line":31,"column":6}},"31":{"start":{"line":32,"column":0},"end":{"line":32,"column":4}},"32":{"start":{"line":33,"column":0},"end":{"line":33,"column":0}},"33":{"start":{"line":34,"column":0},"end":{"line":34,"column":68}},"34":{"start":{"line":35,"column":0},"end":{"line":35,"column":9}},"35":{"start":{"line":36,"column":0},"end":{"line":36,"column":62}},"36":{"start":{"line":37,"column":0},"end":{"line":37,"column":38}},"37":{"start":{"line":38,"column":0},"end":{"line":38,"column":21}},"38":{"start":{"line":39,"column":0},"end":{"line":39,"column":68}},"39":{"start":{"line":40,"column":0},"end":{"line":40,"column":5}},"40":{"start":{"line":41,"column":0},"end":{"line":41,"column":4}},"41":{"start":{"line":42,"column":0},"end":{"line":42,"column":0}},"42":{"start":{"line":43,"column":0},"end":{"line":43,"column":70}},"43":{"start":{"line":44,"column":0},"end":{"line":44,"column":9}},"44":{"start":{"line":45,"column":0},"end":{"line":45,"column":39}},"45":{"start":{"line":46,"column":0},"end":{"line":46,"column":66}},"46":{"start":{"line":47,"column":0},"end":{"line":47,"column":21}},"47":{"start":{"line":48,"column":0},"end":{"line":48,"column":39}},"48":{"start":{"line":49,"column":0},"end":{"line":49,"column":14}},"49":{"start":{"line":50,"column":0},"end":{"line":50,"column":66}},"50":{"start":{"line":51,"column":0},"end":{"line":51,"column":7}},"51":{"start":{"line":52,"column":0},"end":{"line":52,"column":21}},"52":{"start":{"line":53,"column":0},"end":{"line":53,"column":73}},"53":{"start":{"line":54,"column":0},"end":{"line":54,"column":5}},"54":{"start":{"line":55,"column":0},"end":{"line":55,"column":4}},"55":{"start":{"line":56,"column":0},"end":{"line":56,"column":0}},"56":{"start":{"line":57,"column":0},"end":{"line":57,"column":68}},"57":{"start":{"line":58,"column":0},"end":{"line":58,"column":57}},"58":{"start":{"line":59,"column":0},"end":{"line":59,"column":9}},"59":{"start":{"line":60,"column":0},"end":{"line":60,"column":57}},"60":{"start":{"line":61,"column":0},"end":{"line":61,"column":76}},"61":{"start":{"line":62,"column":0},"end":{"line":62,"column":7}},"62":{"start":{"line":63,"column":0},"end":{"line":63,"column":39}},"63":{"start":{"line":64,"column":0},"end":{"line":64,"column":36}},"64":{"start":{"line":65,"column":0},"end":{"line":65,"column":61}},"65":{"start":{"line":66,"column":0},"end":{"line":66,"column":75}},"66":{"start":{"line":67,"column":0},"end":{"line":67,"column":21}},"67":{"start":{"line":68,"column":0},"end":{"line":68,"column":69}},"68":{"start":{"line":69,"column":0},"end":{"line":69,"column":5}},"69":{"start":{"line":70,"column":0},"end":{"line":70,"column":4}},"70":{"start":{"line":71,"column":0},"end":{"line":71,"column":0}},"71":{"start":{"line":72,"column":0},"end":{"line":72,"column":68}},"72":{"start":{"line":73,"column":0},"end":{"line":73,"column":9}},"73":{"start":{"line":74,"column":0},"end":{"line":74,"column":39}},"74":{"start":{"line":75,"column":0},"end":{"line":75,"column":47}},"75":{"start":{"line":76,"column":0},"end":{"line":76,"column":73}},"76":{"start":{"line":77,"column":0},"end":{"line":77,"column":21}},"77":{"start":{"line":78,"column":0},"end":{"line":78,"column":67}},"78":{"start":{"line":79,"column":0},"end":{"line":79,"column":5}},"79":{"start":{"line":80,"column":0},"end":{"line":80,"column":4}},"80":{"start":{"line":81,"column":0},"end":{"line":81,"column":1}},"81":{"start":{"line":82,"column":0},"end":{"line":82,"column":0}},"82":{"start":{"line":83,"column":0},"end":{"line":83,"column":34}}},"s":{"0":1,"1":1,"2":1,"3":1,"4":1,"5":1,"6":1,"7":12,"8":12,"9":2,"10":2,"11":2,"12":1,"13":1,"14":1,"15":2,"16":0,"17":0,"18":2,"19":2,"20":0,"21":0,"22":2,"23":2,"24":2,"25":2,"26":2,"27":2,"28":2,"29":2,"30":2,"31":2,"32":12,"33":12,"34":2,"35":2,"36":2,"37":2,"38":2,"39":2,"40":2,"41":12,"42":12,"43":3,"44":3,"45":3,"46":3,"47":1,"48":1,"49":1,"50":1,"51":3,"52":3,"53":3,"54":3,"55":12,"56":12,"57":3,"58":3,"59":3,"60":1,"61":1,"62":3,"63":3,"64":3,"65":3,"66":3,"67":3,"68":3,"69":3,"70":12,"71":12,"72":2,"73":2,"74":2,"75":2,"76":2,"77":2,"78":2,"79":2,"80":12,"81":1,"82":1},"branchMap":{"0":{"type":"branch","line":8,"loc":{"start":{"line":8,"column":0},"end":{"line":81,"column":1}},"locations":[{"start":{"line":8,"column":0},"end":{"line":81,"column":1}}]},"1":{"type":"branch","line":8,"loc":{"start":{"line":8,"column":0},"end":{"line":81,"column":1}},"locations":[{"start":{"line":8,"column":0},"end":{"line":81,"column":1}}]},"2":{"type":"branch","line":9,"loc":{"start":{"line":9,"column":2},"end":{"line":32,"column":4}},"locations":[{"start":{"line":9,"column":2},"end":{"line":32,"column":4}}]},"3":{"type":"branch","line":12,"loc":{"start":{"line":12,"column":15},"end":{"line":12,"column":25}},"locations":[{"start":{"line":12,"column":15},"end":{"line":12,"column":25}}]},"4":{"type":"branch","line":12,"loc":{"start":{"line":12,"column":25},"end":{"line":12,"column":33}},"locations":[{"start":{"line":12,"column":25},"end":{"line":12,"column":33}}]},"5":{"type":"branch","line":12,"loc":{"start":{"line":12,"column":33},"end":{"line":12,"column":43}},"locations":[{"start":{"line":12,"column":33},"end":{"line":12,"column":43}}]},"6":{"type":"branch","line":12,"loc":{"start":{"line":12,"column":43},"end":{"line":12,"column":54}},"locations":[{"start":{"line":12,"column":43},"end":{"line":12,"column":54}}]},"7":{"type":"branch","line":12,"loc":{"start":{"line":12,"column":56},"end":{"line":15,"column":77}},"locations":[{"start":{"line":12,"column":56},"end":{"line":15,"column":77}}]},"8":{"type":"branch","line":16,"loc":{"start":{"line":16,"column":25},"end":{"line":18,"column":8}},"locations":[{"start":{"line":16,"column":25},"end":{"line":18,"column":8}}]},"9":{"type":"branch","line":20,"loc":{"start":{"line":20,"column":23},"end":{"line":22,"column":7}},"locations":[{"start":{"line":20,"column":23},"end":{"line":22,"column":7}}]},"10":{"type":"branch","line":34,"loc":{"start":{"line":34,"column":2},"end":{"line":41,"column":4}},"locations":[{"start":{"line":34,"column":2},"end":{"line":41,"column":4}}]},"11":{"type":"branch","line":43,"loc":{"start":{"line":43,"column":2},"end":{"line":55,"column":4}},"locations":[{"start":{"line":43,"column":2},"end":{"line":55,"column":4}}]},"12":{"type":"branch","line":47,"loc":{"start":{"line":47,"column":20},"end":{"line":51,"column":7}},"locations":[{"start":{"line":47,"column":20},"end":{"line":51,"column":7}}]},"13":{"type":"branch","line":57,"loc":{"start":{"line":57,"column":2},"end":{"line":70,"column":4}},"locations":[{"start":{"line":57,"column":2},"end":{"line":70,"column":4}}]},"14":{"type":"branch","line":60,"loc":{"start":{"line":60,"column":15},"end":{"line":60,"column":25}},"locations":[{"start":{"line":60,"column":15},"end":{"line":60,"column":25}}]},"15":{"type":"branch","line":60,"loc":{"start":{"line":60,"column":25},"end":{"line":60,"column":33}},"locations":[{"start":{"line":60,"column":25},"end":{"line":60,"column":33}}]},"16":{"type":"branch","line":60,"loc":{"start":{"line":60,"column":33},"end":{"line":60,"column":43}},"locations":[{"start":{"line":60,"column":33},"end":{"line":60,"column":43}}]},"17":{"type":"branch","line":60,"loc":{"start":{"line":60,"column":43},"end":{"line":60,"column":54}},"locations":[{"start":{"line":60,"column":43},"end":{"line":60,"column":54}}]},"18":{"type":"branch","line":60,"loc":{"start":{"line":60,"column":56},"end":{"line":62,"column":7}},"locations":[{"start":{"line":60,"column":56},"end":{"line":62,"column":7}}]},"19":{"type":"branch","line":72,"loc":{"start":{"line":72,"column":2},"end":{"line":80,"column":4}},"locations":[{"start":{"line":72,"column":2},"end":{"line":80,"column":4}}]}},"b":{"0":[1],"1":[12],"2":[2],"3":[1],"4":[1],"5":[1],"6":[1],"7":[1],"8":[0],"9":[0],"10":[2],"11":[3],"12":[1],"13":[3],"14":[2],"15":[2],"16":[2],"17":[2],"18":[1],"19":[2]},"fnMap":{"0":{"name":"CustomerController","decl":{"start":{"line":8,"column":0},"end":{"line":81,"column":1}},"loc":{"start":{"line":8,"column":0},"end":{"line":81,"column":1}},"line":8},"1":{"name":"Object.<anonymous>.CustomerController.createCustomer","decl":{"start":{"line":9,"column":2},"end":{"line":32,"column":4}},"loc":{"start":{"line":9,"column":2},"end":{"line":32,"column":4}},"line":9},"2":{"name":"Object.<anonymous>.CustomerController.listCustomers","decl":{"start":{"line":34,"column":2},"end":{"line":41,"column":4}},"loc":{"start":{"line":34,"column":2},"end":{"line":41,"column":4}},"line":34},"3":{"name":"Object.<anonymous>.CustomerController.findCustomerById","decl":{"start":{"line":43,"column":2},"end":{"line":55,"column":4}},"loc":{"start":{"line":43,"column":2},"end":{"line":55,"column":4}},"line":43},"4":{"name":"Object.<anonymous>.CustomerController.updateCustomer","decl":{"start":{"line":57,"column":2},"end":{"line":70,"column":4}},"loc":{"start":{"line":57,"column":2},"end":{"line":70,"column":4}},"line":57},"5":{"name":"Object.<anonymous>.CustomerController.deleteCustomer","decl":{"start":{"line":72,"column":2},"end":{"line":80,"column":4}},"loc":{"start":{"line":72,"column":2},"end":{"line":80,"column":4}},"line":72}},"f":{"0":12,"1":2,"2":2,"3":3,"4":3,"5":2}}
,"/home/luisa/Documentos/projetos-pessoais/revisão-backend/quarta-review/src/database/connection.ts": {"path":"/home/luisa/Documentos/projetos-pessoais/revisão-backend/quarta-review/src/database/connection.ts","all":false,"statementMap":{"0":{"start":{"line":1,"column":0},"end":{"line":1,"column":0}},"1":{"start":{"line":2,"column":0},"end":{"line":2,"column":30}},"2":{"start":{"line":3,"column":0},"end":{"line":3,"column":35}},"3":{"start":{"line":4,"column":0},"end":{"line":4,"column":0}},"4":{"start":{"line":5,"column":0},"end":{"line":5,"column":33}},"5":{"start":{"line":6,"column":0},"end":{"line":6,"column":0}},"6":{"start":{"line":7,"column":0},"end":{"line":7,"column":60}},"7":{"start":{"line":8,"column":0},"end":{"line":8,"column":0}},"8":{"start":{"line":9,"column":0},"end":{"line":9,"column":7}},"9":{"start":{"line":10,"column":0},"end":{"line":10,"column":43}},"10":{"start":{"line":11,"column":0},"end":{"line":11,"column":45}},"11":{"start":{"line":12,"column":0},"end":{"line":12,"column":27}},"12":{"start":{"line":13,"column":0},"end":{"line":13,"column":28}},"13":{"start":{"line":14,"column":0},"end":{"line":14,"column":26}},"14":{"start":{"line":15,"column":0},"end":{"line":15,"column":19}},"15":{"start":{"line":16,"column":0},"end":{"line":16,"column":19}},"16":{"start":{"line":17,"column":0},"end":{"line":17,"column":6}},"17":{"start":{"line":18,"column":0},"end":{"line":18,"column":2}},"18":{"start":{"line":19,"column":0},"end":{"line":19,"column":0}},"19":{"start":{"line":20,"column":0},"end":{"line":20,"column":18}}},"s":{"0":1,"1":1,"2":1,"3":1,"4":1,"5":1,"6":1,"7":1,"8":1,"9":1,"10":1,"11":1,"12":1,"13":1,"14":1,"15":1,"16":1,"17":1,"18":1,"19":1},"branchMap":{},"b":{},"fnMap":{},"f":{}}
,"/home/luisa/Documentos/projetos-pessoais/revisão-backend/quarta-review/src/model/Customer.ts": {"path":"/home/luisa/Documentos/projetos-pessoais/revisão-backend/quarta-review/src/model/Customer.ts","all":true,"statementMap":{"0":{"start":{"line":1,"column":0},"end":{"line":1,"column":24}},"1":{"start":{"line":2,"column":0},"end":{"line":2,"column":14}},"2":{"start":{"line":3,"column":0},"end":{"line":3,"column":15}},"3":{"start":{"line":4,"column":0},"end":{"line":4,"column":16}},"4":{"start":{"line":5,"column":0},"end":{"line":5,"column":14}},"5":{"start":{"line":6,"column":0},"end":{"line":6,"column":16}},"6":{"start":{"line":7,"column":0},"end":{"line":7,"column":17}},"7":{"start":{"line":8,"column":0},"end":{"line":8,"column":1}},"8":{"start":{"line":9,"column":0},"end":{"line":9,"column":0}},"9":{"start":{"line":10,"column":0},"end":{"line":10,"column":28}}},"s":{"0":0,"1":0,"2":0,"3":0,"4":0,"5":0,"6":0,"7":0,"8":0,"9":0},"branchMap":{"0":{"type":"branch","line":1,"loc":{"start":{"line":1,"column":0},"end":{"line":10,"column":28}},"locations":[{"start":{"line":1,"column":0},"end":{"line":10,"column":28}}]}},"b":{"0":[0]},"fnMap":{"0":{"name":"(empty-report)","decl":{"start":{"line":1,"column":0},"end":{"line":10,"column":28}},"loc":{"start":{"line":1,"column":0},"end":{"line":10,"column":28}},"line":1}},"f":{"0":0}}
,"/home/luisa/Documentos/projetos-pessoais/revisão-backend/quarta-review/src/service/CustomerService.ts": {"path":"/home/luisa/Documentos/projetos-pessoais/revisão-backend/quarta-review/src/service/CustomerService.ts","all":false,"statementMap":{"0":{"start":{"line":1,"column":0},"end":{"line":1,"column":40}},"1":{"start":{"line":2,"column":0},"end":{"line":2,"column":45}},"2":{"start":{"line":3,"column":0},"end":{"line":3,"column":0}},"3":{"start":{"line":4,"column":0},"end":{"line":4,"column":23}},"4":{"start":{"line":5,"column":0},"end":{"line":5,"column":67}},"5":{"start":{"line":6,"column":0},"end":{"line":6,"column":61}},"6":{"start":{"line":7,"column":0},"end":{"line":7,"column":99}},"7":{"start":{"line":8,"column":0},"end":{"line":8,"column":4}},"8":{"start":{"line":9,"column":0},"end":{"line":9,"column":59}},"9":{"start":{"line":10,"column":0},"end":{"line":10,"column":4}},"10":{"start":{"line":11,"column":0},"end":{"line":11,"column":0}},"11":{"start":{"line":12,"column":0},"end":{"line":12,"column":50}},"12":{"start":{"line":13,"column":0},"end":{"line":13,"column":44}},"13":{"start":{"line":14,"column":0},"end":{"line":14,"column":78}},"14":{"start":{"line":15,"column":0},"end":{"line":15,"column":52}},"15":{"start":{"line":16,"column":0},"end":{"line":16,"column":18}},"16":{"start":{"line":17,"column":0},"end":{"line":17,"column":22}},"17":{"start":{"line":18,"column":0},"end":{"line":18,"column":16}},"18":{"start":{"line":19,"column":0},"end":{"line":19,"column":24}},"19":{"start":{"line":20,"column":0},"end":{"line":20,"column":9}},"20":{"start":{"line":21,"column":0},"end":{"line":21,"column":9}},"21":{"start":{"line":22,"column":0},"end":{"line":22,"column":7}},"22":{"start":{"line":23,"column":0},"end":{"line":23,"column":21}},"23":{"start":{"line":24,"column":0},"end":{"line":24,"column":4}},"24":{"start":{"line":25,"column":0},"end":{"line":25,"column":0}},"25":{"start":{"line":26,"column":0},"end":{"line":26,"column":73}},"26":{"start":{"line":27,"column":0},"end":{"line":27,"column":57}},"27":{"start":{"line":28,"column":0},"end":{"line":28,"column":87}},"28":{"start":{"line":29,"column":0},"end":{"line":29,"column":55}},"29":{"start":{"line":30,"column":0},"end":{"line":30,"column":18}},"30":{"start":{"line":31,"column":0},"end":{"line":31,"column":22}},"31":{"start":{"line":32,"column":0},"end":{"line":32,"column":16}},"32":{"start":{"line":33,"column":0},"end":{"line":33,"column":23}},"33":{"start":{"line":34,"column":0},"end":{"line":34,"column":9}},"34":{"start":{"line":35,"column":0},"end":{"line":35,"column":9}},"35":{"start":{"line":36,"column":0},"end":{"line":36,"column":7}},"36":{"start":{"line":37,"column":0},"end":{"line":37,"column":20}},"37":{"start":{"line":38,"column":0},"end":{"line":38,"column":4}},"38":{"start":{"line":39,"column":0},"end":{"line":39,"column":0}},"39":{"start":{"line":40,"column":0},"end":{"line":40,"column":79}},"40":{"start":{"line":41,"column":0},"end":{"line":41,"column":60}},"41":{"start":{"line":42,"column":0},"end":{"line":42,"column":87}},"42":{"start":{"line":43,"column":0},"end":{"line":43,"column":58}},"43":{"start":{"line":44,"column":0},"end":{"line":44,"column":18}},"44":{"start":{"line":45,"column":0},"end":{"line":45,"column":22}},"45":{"start":{"line":46,"column":0},"end":{"line":46,"column":16}},"46":{"start":{"line":47,"column":0},"end":{"line":47,"column":23}},"47":{"start":{"line":48,"column":0},"end":{"line":48,"column":9}},"48":{"start":{"line":49,"column":0},"end":{"line":49,"column":9}},"49":{"start":{"line":50,"column":0},"end":{"line":50,"column":7}},"50":{"start":{"line":51,"column":0},"end":{"line":51,"column":20}},"51":{"start":{"line":52,"column":0},"end":{"line":52,"column":4}},"52":{"start":{"line":53,"column":0},"end":{"line":53,"column":0}},"53":{"start":{"line":54,"column":0},"end":{"line":54,"column":75}},"54":{"start":{"line":55,"column":0},"end":{"line":55,"column":58}},"55":{"start":{"line":56,"column":0},"end":{"line":56,"column":87}},"56":{"start":{"line":57,"column":0},"end":{"line":57,"column":56}},"57":{"start":{"line":58,"column":0},"end":{"line":58,"column":18}},"58":{"start":{"line":59,"column":0},"end":{"line":59,"column":22}},"59":{"start":{"line":60,"column":0},"end":{"line":60,"column":16}},"60":{"start":{"line":61,"column":0},"end":{"line":61,"column":23}},"61":{"start":{"line":62,"column":0},"end":{"line":62,"column":9}},"62":{"start":{"line":63,"column":0},"end":{"line":63,"column":9}},"63":{"start":{"line":64,"column":0},"end":{"line":64,"column":7}},"64":{"start":{"line":65,"column":0},"end":{"line":65,"column":20}},"65":{"start":{"line":66,"column":0},"end":{"line":66,"column":4}},"66":{"start":{"line":67,"column":0},"end":{"line":67,"column":0}},"67":{"start":{"line":68,"column":0},"end":{"line":68,"column":79}},"68":{"start":{"line":69,"column":0},"end":{"line":69,"column":61}},"69":{"start":{"line":70,"column":0},"end":{"line":70,"column":106}},"70":{"start":{"line":71,"column":0},"end":{"line":71,"column":4}},"71":{"start":{"line":72,"column":0},"end":{"line":72,"column":63}},"72":{"start":{"line":73,"column":0},"end":{"line":73,"column":3}},"73":{"start":{"line":74,"column":0},"end":{"line":74,"column":0}},"74":{"start":{"line":75,"column":0},"end":{"line":75,"column":51}},"75":{"start":{"line":76,"column":0},"end":{"line":76,"column":55}},"76":{"start":{"line":77,"column":0},"end":{"line":77,"column":30}},"77":{"start":{"line":78,"column":0},"end":{"line":78,"column":4}},"78":{"start":{"line":79,"column":0},"end":{"line":79,"column":1}},"79":{"start":{"line":80,"column":0},"end":{"line":80,"column":0}},"80":{"start":{"line":81,"column":0},"end":{"line":81,"column":31}}},"s":{"0":1,"1":1,"2":1,"3":14,"4":14,"5":1,"6":1,"7":1,"8":1,"9":1,"10":14,"11":14,"12":2,"13":2,"14":2,"15":2,"16":1,"17":1,"18":1,"19":1,"20":2,"21":2,"22":2,"23":2,"24":14,"25":14,"26":3,"27":3,"28":3,"29":3,"30":1,"31":3,"32":2,"33":2,"34":3,"35":3,"36":3,"37":3,"38":14,"39":14,"40":3,"41":3,"42":3,"43":3,"44":1,"45":3,"46":2,"47":2,"48":3,"49":3,"50":3,"51":3,"52":14,"53":14,"54":3,"55":3,"56":3,"57":3,"58":1,"59":3,"60":2,"61":2,"62":3,"63":3,"64":3,"65":3,"66":14,"67":14,"68":1,"69":1,"70":1,"71":1,"72":1,"73":14,"74":14,"75":1,"76":1,"77":1,"78":14,"79":1,"80":1},"branchMap":{"0":{"type":"branch","line":4,"loc":{"start":{"line":4,"column":0},"end":{"line":79,"column":1}},"locations":[{"start":{"line":4,"column":0},"end":{"line":79,"column":1}}]},"1":{"type":"branch","line":4,"loc":{"start":{"line":4,"column":0},"end":{"line":79,"column":1}},"locations":[{"start":{"line":4,"column":0},"end":{"line":79,"column":1}}]},"2":{"type":"branch","line":5,"loc":{"start":{"line":5,"column":2},"end":{"line":10,"column":4}},"locations":[{"start":{"line":5,"column":2},"end":{"line":10,"column":4}}]},"3":{"type":"branch","line":12,"loc":{"start":{"line":12,"column":2},"end":{"line":24,"column":4}},"locations":[{"start":{"line":12,"column":2},"end":{"line":24,"column":4}}]},"4":{"type":"branch","line":14,"loc":{"start":{"line":14,"column":56},"end":{"line":22,"column":5}},"locations":[{"start":{"line":14,"column":56},"end":{"line":22,"column":5}}]},"5":{"type":"branch","line":15,"loc":{"start":{"line":15,"column":20},"end":{"line":21,"column":7}},"locations":[{"start":{"line":15,"column":20},"end":{"line":21,"column":7}}]},"6":{"type":"branch","line":16,"loc":{"start":{"line":16,"column":17},"end":{"line":20,"column":9}},"locations":[{"start":{"line":16,"column":17},"end":{"line":20,"column":9}}]},"7":{"type":"branch","line":26,"loc":{"start":{"line":26,"column":2},"end":{"line":38,"column":4}},"locations":[{"start":{"line":26,"column":2},"end":{"line":38,"column":4}}]},"8":{"type":"branch","line":28,"loc":{"start":{"line":28,"column":65},"end":{"line":36,"column":5}},"locations":[{"start":{"line":28,"column":65},"end":{"line":36,"column":5}}]},"9":{"type":"branch","line":29,"loc":{"start":{"line":29,"column":26},"end":{"line":35,"column":7}},"locations":[{"start":{"line":29,"column":26},"end":{"line":35,"column":7}}]},"10":{"type":"branch","line":30,"loc":{"start":{"line":30,"column":17},"end":{"line":32,"column":15}},"locations":[{"start":{"line":30,"column":17},"end":{"line":32,"column":15}}]},"11":{"type":"branch","line":32,"loc":{"start":{"line":32,"column":9},"end":{"line":34,"column":9}},"locations":[{"start":{"line":32,"column":9},"end":{"line":34,"column":9}}]},"12":{"type":"branch","line":40,"loc":{"start":{"line":40,"column":2},"end":{"line":52,"column":4}},"locations":[{"start":{"line":40,"column":2},"end":{"line":52,"column":4}}]},"13":{"type":"branch","line":42,"loc":{"start":{"line":42,"column":65},"end":{"line":50,"column":5}},"locations":[{"start":{"line":42,"column":65},"end":{"line":50,"column":5}}]},"14":{"type":"branch","line":43,"loc":{"start":{"line":43,"column":29},"end":{"line":49,"column":7}},"locations":[{"start":{"line":43,"column":29},"end":{"line":49,"column":7}}]},"15":{"type":"branch","line":44,"loc":{"start":{"line":44,"column":17},"end":{"line":46,"column":15}},"locations":[{"start":{"line":44,"column":17},"end":{"line":46,"column":15}}]},"16":{"type":"branch","line":46,"loc":{"start":{"line":46,"column":9},"end":{"line":48,"column":9}},"locations":[{"start":{"line":46,"column":9},"end":{"line":48,"column":9}}]},"17":{"type":"branch","line":54,"loc":{"start":{"line":54,"column":2},"end":{"line":66,"column":4}},"locations":[{"start":{"line":54,"column":2},"end":{"line":66,"column":4}}]},"18":{"type":"branch","line":56,"loc":{"start":{"line":56,"column":65},"end":{"line":64,"column":5}},"locations":[{"start":{"line":56,"column":65},"end":{"line":64,"column":5}}]},"19":{"type":"branch","line":57,"loc":{"start":{"line":57,"column":27},"end":{"line":63,"column":7}},"locations":[{"start":{"line":57,"column":27},"end":{"line":63,"column":7}}]},"20":{"type":"branch","line":58,"loc":{"start":{"line":58,"column":17},"end":{"line":60,"column":15}},"locations":[{"start":{"line":58,"column":17},"end":{"line":60,"column":15}}]},"21":{"type":"branch","line":60,"loc":{"start":{"line":60,"column":9},"end":{"line":62,"column":9}},"locations":[{"start":{"line":60,"column":9},"end":{"line":62,"column":9}}]},"22":{"type":"branch","line":68,"loc":{"start":{"line":68,"column":2},"end":{"line":73,"column":3}},"locations":[{"start":{"line":68,"column":2},"end":{"line":73,"column":3}}]},"23":{"type":"branch","line":75,"loc":{"start":{"line":75,"column":2},"end":{"line":78,"column":4}},"locations":[{"start":{"line":75,"column":2},"end":{"line":78,"column":4}}]}},"b":{"0":[2],"1":[14],"2":[1],"3":[2],"4":[2],"5":[2],"6":[1],"7":[3],"8":[3],"9":[3],"10":[1],"11":[2],"12":[3],"13":[3],"14":[3],"15":[1],"16":[2],"17":[3],"18":[3],"19":[3],"20":[1],"21":[2],"22":[1],"23":[1]},"fnMap":{"0":{"name":"CustomerService","decl":{"start":{"line":4,"column":0},"end":{"line":79,"column":1}},"loc":{"start":{"line":4,"column":0},"end":{"line":79,"column":1}},"line":4},"1":{"name":"Object.<anonymous>.CustomerService.createCustomer","decl":{"start":{"line":5,"column":2},"end":{"line":10,"column":4}},"loc":{"start":{"line":5,"column":2},"end":{"line":10,"column":4}},"line":5},"2":{"name":"Object.<anonymous>.CustomerService.listCustomers","decl":{"start":{"line":12,"column":2},"end":{"line":24,"column":4}},"loc":{"start":{"line":12,"column":2},"end":{"line":24,"column":4}},"line":12},"3":{"name":"Object.<anonymous>.CustomerService.findCustomerById","decl":{"start":{"line":26,"column":2},"end":{"line":38,"column":4}},"loc":{"start":{"line":26,"column":2},"end":{"line":38,"column":4}},"line":26},"4":{"name":"Object.<anonymous>.CustomerService.findCustomerByEmail","decl":{"start":{"line":40,"column":2},"end":{"line":52,"column":4}},"loc":{"start":{"line":40,"column":2},"end":{"line":52,"column":4}},"line":40},"5":{"name":"Object.<anonymous>.CustomerService.findCustomerByCpf","decl":{"start":{"line":54,"column":2},"end":{"line":66,"column":4}},"loc":{"start":{"line":54,"column":2},"end":{"line":66,"column":4}},"line":54},"6":{"name":"Object.<anonymous>.CustomerService.updateCustomer","decl":{"start":{"line":68,"column":2},"end":{"line":73,"column":3}},"loc":{"start":{"line":68,"column":2},"end":{"line":73,"column":3}},"line":68},"7":{"name":"Object.<anonymous>.CustomerService.deleteCustomer","decl":{"start":{"line":75,"column":2},"end":{"line":78,"column":4}},"loc":{"start":{"line":75,"column":2},"end":{"line":78,"column":4}},"line":75}},"f":{"0":14,"1":1,"2":2,"3":3,"4":3,"5":3,"6":1,"7":1}}
}
