TN:
SF:src/controller/CustomerController.ts
FN:8,CustomerController
FN:9,Object.<anonymous>.CustomerController.createCustomer
FN:34,Object.<anonymous>.CustomerController.listCustomers
FN:43,Object.<anonymous>.CustomerController.findCustomerById
FN:57,Object.<anonymous>.CustomerController.updateCustomer
FN:72,Object.<anonymous>.CustomerController.deleteCustomer
FNF:6
FNH:6
FNDA:12,CustomerController
FNDA:2,Object.<anonymous>.CustomerController.createCustomer
FNDA:2,Object.<anonymous>.CustomerController.listCustomers
FNDA:3,Object.<anonymous>.CustomerController.findCustomerById
FNDA:3,Object.<anonymous>.CustomerController.updateCustomer
FNDA:2,Object.<anonymous>.CustomerController.deleteCustomer
DA:1,1
DA:2,1
DA:3,1
DA:4,1
DA:5,1
DA:6,1
DA:7,1
DA:8,12
DA:9,12
DA:10,2
DA:11,2
DA:12,2
DA:13,1
DA:14,1
DA:15,1
DA:16,2
DA:17,0
DA:18,0
DA:19,2
DA:20,2
DA:21,0
DA:22,0
DA:23,2
DA:24,2
DA:25,2
DA:26,2
DA:27,2
DA:28,2
DA:29,2
DA:30,2
DA:31,2
DA:32,2
DA:33,12
DA:34,12
DA:35,2
DA:36,2
DA:37,2
DA:38,2
DA:39,2
DA:40,2
DA:41,2
DA:42,12
DA:43,12
DA:44,3
DA:45,3
DA:46,3
DA:47,3
DA:48,1
DA:49,1
DA:50,1
DA:51,1
DA:52,3
DA:53,3
DA:54,3
DA:55,3
DA:56,12
DA:57,12
DA:58,3
DA:59,3
DA:60,3
DA:61,1
DA:62,1
DA:63,3
DA:64,3
DA:65,3
DA:66,3
DA:67,3
DA:68,3
DA:69,3
DA:70,3
DA:71,12
DA:72,12
DA:73,2
DA:74,2
DA:75,2
DA:76,2
DA:77,2
DA:78,2
DA:79,2
DA:80,2
DA:81,12
DA:82,1
DA:83,1
LF:83
LH:79
BRDA:8,0,0,1
BRDA:8,1,0,12
BRDA:9,2,0,2
BRDA:12,3,0,1
BRDA:12,4,0,1
BRDA:12,5,0,1
BRDA:12,6,0,1
BRDA:12,7,0,1
BRDA:16,8,0,0
BRDA:20,9,0,0
BRDA:34,10,0,2
BRDA:43,11,0,3
BRDA:47,12,0,1
BRDA:57,13,0,3
BRDA:60,14,0,2
BRDA:60,15,0,2
BRDA:60,16,0,2
BRDA:60,17,0,2
BRDA:60,18,0,1
BRDA:72,19,0,2
BRF:20
BRH:18
end_of_record
TN:
SF:src/database/connection.ts
FNF:0
FNH:0
DA:1,1
DA:2,1
DA:3,1
DA:4,1
DA:5,1
DA:6,1
DA:7,1
DA:8,1
DA:9,1
DA:10,1
DA:11,1
DA:12,1
DA:13,1
DA:14,1
DA:15,1
DA:16,1
DA:17,1
DA:18,1
DA:19,1
DA:20,1
LF:20
LH:20
BRF:0
BRH:0
end_of_record
TN:
SF:src/model/Customer.ts
FN:1,(empty-report)
FNF:1
FNH:0
FNDA:0,(empty-report)
DA:1,0
DA:2,0
DA:3,0
DA:4,0
DA:5,0
DA:6,0
DA:7,0
DA:8,0
DA:9,0
DA:10,0
LF:10
LH:0
BRDA:1,0,0,0
BRF:1
BRH:0
end_of_record
TN:
SF:src/service/CustomerService.ts
FN:4,CustomerService
FN:5,Object.<anonymous>.CustomerService.createCustomer
FN:12,Object.<anonymous>.CustomerService.listCustomers
FN:26,Object.<anonymous>.CustomerService.findCustomerById
FN:40,Object.<anonymous>.CustomerService.findCustomerByEmail
FN:54,Object.<anonymous>.CustomerService.findCustomerByCpf
FN:68,Object.<anonymous>.CustomerService.updateCustomer
FN:75,Object.<anonymous>.CustomerService.deleteCustomer
FNF:8
FNH:8
FNDA:14,CustomerService
FNDA:1,Object.<anonymous>.CustomerService.createCustomer
FNDA:2,Object.<anonymous>.CustomerService.listCustomers
FNDA:3,Object.<anonymous>.CustomerService.findCustomerById
FNDA:3,Object.<anonymous>.CustomerService.findCustomerByEmail
FNDA:3,Object.<anonymous>.CustomerService.findCustomerByCpf
FNDA:1,Object.<anonymous>.CustomerService.updateCustomer
FNDA:1,Object.<anonymous>.CustomerService.deleteCustomer
DA:1,1
DA:2,1
DA:3,1
DA:4,14
DA:5,14
DA:6,1
DA:7,1
DA:8,1
DA:9,1
DA:10,1
DA:11,14
DA:12,14
DA:13,2
DA:14,2
DA:15,2
DA:16,2
DA:17,1
DA:18,1
DA:19,1
DA:20,1
DA:21,2
DA:22,2
DA:23,2
DA:24,2
DA:25,14
DA:26,14
DA:27,3
DA:28,3
DA:29,3
DA:30,3
DA:31,1
DA:32,3
DA:33,2
DA:34,2
DA:35,3
DA:36,3
DA:37,3
DA:38,3
DA:39,14
DA:40,14
DA:41,3
DA:42,3
DA:43,3
DA:44,3
DA:45,1
DA:46,3
DA:47,2
DA:48,2
DA:49,3
DA:50,3
DA:51,3
DA:52,3
DA:53,14
DA:54,14
DA:55,3
DA:56,3
DA:57,3
DA:58,3
DA:59,1
DA:60,3
DA:61,2
DA:62,2
DA:63,3
DA:64,3
DA:65,3
DA:66,3
DA:67,14
DA:68,14
DA:69,1
DA:70,1
DA:71,1
DA:72,1
DA:73,1
DA:74,14
DA:75,14
DA:76,1
DA:77,1
DA:78,1
DA:79,14
DA:80,1
DA:81,1
LF:81
LH:81
BRDA:4,0,0,2
BRDA:4,1,0,14
BRDA:5,2,0,1
BRDA:12,3,0,2
BRDA:14,4,0,2
BRDA:15,5,0,2
BRDA:16,6,0,1
BRDA:26,7,0,3
BRDA:28,8,0,3
BRDA:29,9,0,3
BRDA:30,10,0,1
BRDA:32,11,0,2
BRDA:40,12,0,3
BRDA:42,13,0,3
BRDA:43,14,0,3
BRDA:44,15,0,1
BRDA:46,16,0,2
BRDA:54,17,0,3
BRDA:56,18,0,3
BRDA:57,19,0,3
BRDA:58,20,0,1
BRDA:60,21,0,2
BRDA:68,22,0,1
BRDA:75,23,0,1
BRF:24
BRH:24
end_of_record
